[2025-04-30 13:36:53] hello
[2025-04-30 13:59:56] error_handler 2 - line 16 in E:\_special\WAMP64\www\001\Database.php: mysqli_connect(): php_network_getaddresses: getaddrinfo for 1 failed: No such host is known. 
[2025-04-30 13:59:56] error_handler 2 - line 14 in E:\_special\WAMP64\www\001\index.php: Undefined property: mysqli_sql_exception::$getLine
[2025-04-30 13:59:56] error_handler 2 - line 14 in E:\_special\WAMP64\www\001\index.php: Undefined property: mysqli_sql_exception::$getFile
[2025-04-30 13:59:56] error_handler 2 - line 14 in E:\_special\WAMP64\www\001\index.php: Undefined property: mysqli_sql_exception::$getMessage
[2025-04-30 13:59:56] exception_handler - line () in (): ()
[2025-04-30 14:00:26] error_handler 2 - line 16 in E:\_special\WAMP64\www\001\Database.php: mysqli_connect(): php_network_getaddresses: getaddrinfo for 1 failed: No such host is known. 
[2025-04-30 14:00:26] error_handler 2 - line 14 in E:\_special\WAMP64\www\001\index.php: Undefined property: mysqli_sql_exception::$getLine
[2025-04-30 14:00:26] error_handler 2 - line 14 in E:\_special\WAMP64\www\001\index.php: Undefined property: mysqli_sql_exception::$getFile
[2025-04-30 14:00:26] error_handler 2 - line 14 in E:\_special\WAMP64\www\001\index.php: Undefined property: mysqli_sql_exception::$getMessage
[2025-04-30 14:00:26] exception_handler - line () in (): ()
[2025-04-30 14:00:43] error_handler 2 - line 16 in E:\_special\WAMP64\www\001\Database.php: mysqli_connect(): php_network_getaddresses: getaddrinfo for 1 failed: No such host is known. 
[2025-04-30 14:00:43] error_handler 2 - line 15 in E:\_special\WAMP64\www\001\index.php: Undefined property: mysqli_sql_exception::$getLine
[2025-04-30 14:00:43] error_handler 2 - line 15 in E:\_special\WAMP64\www\001\index.php: Undefined property: mysqli_sql_exception::$getFile
[2025-04-30 14:00:43] error_handler 2 - line 15 in E:\_special\WAMP64\www\001\index.php: Undefined property: mysqli_sql_exception::$getMessage
[2025-04-30 14:00:43] exception_handler - line () in (): ()
[2025-04-30 14:01:32] error_handler 2 - line 16 in E:\_special\WAMP64\www\001\Database.php: mysqli_connect(): php_network_getaddresses: getaddrinfo for 1 failed: No such host is known. 
[2025-04-30 14:01:40] error_handler 2 - line 16 in E:\_special\WAMP64\www\001\Database.php: mysqli_connect(): php_network_getaddresses: getaddrinfo for 1 failed: No such host is known. 
[2025-04-30 14:07:41] error_handler 2 - line 21 in E:\_special\WAMP64\www\001\index.php: Trying to access array offset on null
[2025-04-30 14:07:41] error_handler 2 - line 21 in E:\_special\WAMP64\www\001\index.php: Trying to access array offset on null
[2025-04-30 14:07:41] error_handler 2 - line 21 in E:\_special\WAMP64\www\001\index.php: Trying to access array offset on null
[2025-04-30 14:07:41] fatal_handler - line  in : 
[2025-04-30 14:08:07] error_handler 2 - line 21 in E:\_special\WAMP64\www\001\index.php: Trying to access array offset on null
[2025-04-30 14:08:07] error_handler 2 - line 21 in E:\_special\WAMP64\www\001\index.php: Trying to access array offset on null
[2025-04-30 14:08:07] error_handler 2 - line 21 in E:\_special\WAMP64\www\001\index.php: Trying to access array offset on null
[2025-04-30 14:08:07] fatal_handler - line  in : 
[2025-04-30 14:08:07] error_handler 2 - line 21 in E:\_special\WAMP64\www\001\index.php: Trying to access array offset on null
[2025-04-30 14:08:07] error_handler 2 - line 21 in E:\_special\WAMP64\www\001\index.php: Trying to access array offset on null
[2025-04-30 14:08:07] error_handler 2 - line 21 in E:\_special\WAMP64\www\001\index.php: Trying to access array offset on null
[2025-04-30 14:08:07] fatal_handler - line  in : 
[2025-04-30 14:08:36] error_handler 2 - line 21 in E:\_special\WAMP64\www\001\index.php: Trying to access array offset on null
[2025-04-30 14:08:36] error_handler 2 - line 21 in E:\_special\WAMP64\www\001\index.php: Trying to access array offset on null
[2025-04-30 14:08:36] error_handler 2 - line 21 in E:\_special\WAMP64\www\001\index.php: Trying to access array offset on null
[2025-04-30 14:08:36] fatal_handler - line  in : 
[2025-04-30 14:08:37] error_handler 2 - line 21 in E:\_special\WAMP64\www\001\index.php: Trying to access array offset on null
[2025-04-30 14:08:37] error_handler 2 - line 21 in E:\_special\WAMP64\www\001\index.php: Trying to access array offset on null
[2025-04-30 14:08:37] error_handler 2 - line 21 in E:\_special\WAMP64\www\001\index.php: Trying to access array offset on null
[2025-04-30 14:08:37] fatal_handler - line  in : 
[2025-04-30 14:08:42] error_handler 2 - line 20 in E:\_special\WAMP64\www\001\index.php: Undefined variable $error
[2025-04-30 14:08:42] error_handler 2 - line 20 in E:\_special\WAMP64\www\001\index.php: Trying to access array offset on null
[2025-04-30 14:08:42] error_handler 2 - line 20 in E:\_special\WAMP64\www\001\index.php: Undefined variable $error
[2025-04-30 14:08:42] error_handler 2 - line 20 in E:\_special\WAMP64\www\001\index.php: Trying to access array offset on null
[2025-04-30 14:08:42] error_handler 2 - line 20 in E:\_special\WAMP64\www\001\index.php: Undefined variable $error
[2025-04-30 14:08:42] error_handler 2 - line 20 in E:\_special\WAMP64\www\001\index.php: Trying to access array offset on null
[2025-04-30 14:08:42] fatal_handler - line  in : 
[2025-04-30 14:08:42] error_handler 2 - line 20 in E:\_special\WAMP64\www\001\index.php: Undefined variable $error
[2025-04-30 14:08:42] error_handler 2 - line 20 in E:\_special\WAMP64\www\001\index.php: Trying to access array offset on null
[2025-04-30 14:08:42] error_handler 2 - line 20 in E:\_special\WAMP64\www\001\index.php: Undefined variable $error
[2025-04-30 14:08:42] error_handler 2 - line 20 in E:\_special\WAMP64\www\001\index.php: Trying to access array offset on null
[2025-04-30 14:08:42] error_handler 2 - line 20 in E:\_special\WAMP64\www\001\index.php: Undefined variable $error
[2025-04-30 14:08:42] error_handler 2 - line 20 in E:\_special\WAMP64\www\001\index.php: Trying to access array offset on null
[2025-04-30 14:08:42] fatal_handler - line  in : 
[2025-04-30 14:08:49] error_handler 2 - line 21 in E:\_special\WAMP64\www\001\index.php: Trying to access array offset on null
[2025-04-30 14:08:49] error_handler 2 - line 21 in E:\_special\WAMP64\www\001\index.php: Trying to access array offset on null
[2025-04-30 14:08:49] error_handler 2 - line 21 in E:\_special\WAMP64\www\001\index.php: Trying to access array offset on null
[2025-04-30 14:08:49] fatal_handler - line  in : 2
[2025-04-30 15:36:01] Bảng users không tồn tại, tiến hành tạo bảng
[2025-04-30 15:36:06] Bảng users không tồn tại, tiến hành tạo bảng
[2025-04-30 15:36:47] Bảng users không tồn tại, tiến hành tạo bảng
[2025-04-30 16:01:42] Cột đã tồn tại, không thể tạo mới
[2025-04-30 16:12:14] Bảng usersss đã tồn tại, không thể tạo mới
[2025-04-30 16:12:17] Bảng usersss đã tồn tại, không thể tạo mới
[2025-04-30 16:12:17] Bảng usersss đã tồn tại, không thể tạo mới
[2025-04-30 16:12:18] Bảng usersss đã tồn tại, không thể tạo mới
[2025-04-30 16:12:18] Bảng usersss đã tồn tại, không thể tạo mới
[2025-04-30 16:14:49] Bảng usersss đã tồn tại, không thể tạo mới
[2025-04-30 16:14:49] Cột usersss trong users dã tồn tại, không thể tạo cột mới
[2025-04-30 16:14:55] Bảng usersss đã tồn tại, không thể tạo mới
[2025-04-30 16:14:55] Cột us2ersss trong users dã tồn tại, không thể tạo cột mới
[2025-04-30 16:15:02] Bảng usersss đã tồn tại, không thể tạo mới
[2025-04-30 16:15:02] Cột us2ersss trong users dã tồn tại, không thể tạo cột mới
[2025-04-30 16:15:10] Bảng usersss đã tồn tại, không thể tạo mới
[2025-04-30 16:15:10] Cột us2e12rsss trong users dã tồn tại, không thể tạo cột mới
[2025-04-30 16:15:26] Bảng usersss đã tồn tại, không thể tạo mới
[2025-04-30 16:15:26] Cột us2e122112rsss trong users dã tồn tại, không thể tạo cột mới
[2025-04-30 16:17:00] Bảng usersss đã tồn tại, không thể tạo mới
[2025-04-30 16:17:02] Bảng usersss đã tồn tại, không thể tạo mới
[2025-04-30 16:17:02] Cột us2e122112rsss trong users dã tồn tại, không thể tạo cột mới
[2025-04-30 16:22:15] Bảng usersss đã tồn tại, không thể tạo mới
[2025-04-30 16:22:15] Cột us2e122112rsss trong users dã tồn tại, không thể tạo cột mới
[2025-04-30 16:22:15] Bảng usersss đã tồn tại, không thể tạo mới
[2025-04-30 16:22:15] Cột us2e122112rsss trong users dã tồn tại, không thể tạo cột mới
[2025-04-30 16:22:15] Bảng usersss đã tồn tại, không thể tạo mới
[2025-04-30 16:22:15] Cột us2e122112rsss trong users dã tồn tại, không thể tạo cột mới
[2025-04-30 16:22:16] Bảng usersss đã tồn tại, không thể tạo mới
[2025-04-30 16:22:16] Cột us2e122112rsss trong users dã tồn tại, không thể tạo cột mới
[2025-04-30 16:22:16] Bảng usersss đã tồn tại, không thể tạo mới
[2025-04-30 16:22:16] Cột us2e122112rsss trong users dã tồn tại, không thể tạo cột mới
[2025-04-30 16:22:16] Bảng usersss đã tồn tại, không thể tạo mới
[2025-04-30 16:22:16] Cột us2e122112rsss trong users dã tồn tại, không thể tạo cột mới
[2025-04-30 16:22:16] Bảng usersss đã tồn tại, không thể tạo mới
[2025-04-30 16:22:16] Cột us2e122112rsss trong users dã tồn tại, không thể tạo cột mới
[2025-04-30 16:22:16] Bảng usersss đã tồn tại, không thể tạo mới
[2025-04-30 16:22:16] Cột us2e122112rsss trong users dã tồn tại, không thể tạo cột mới
[2025-04-30 16:22:16] Bảng usersss đã tồn tại, không thể tạo mới
[2025-04-30 16:22:16] Cột us2e122112rsss trong users dã tồn tại, không thể tạo cột mới
[2025-04-30 16:25:13] Bảng usersss đã tồn tại, không thể tạo mới
[2025-04-30 16:25:13] Cột us2e122112rsss trong users dã tồn tại, không thể tạo cột mới
[2025-04-30 16:25:14] Bảng usersss đã tồn tại, không thể tạo mới
[2025-04-30 16:25:14] Cột us2e122112rsss trong users dã tồn tại, không thể tạo cột mới
[2025-04-30 16:25:14] Bảng usersss đã tồn tại, không thể tạo mới
[2025-04-30 16:25:14] Cột us2e122112rsss trong users dã tồn tại, không thể tạo cột mới
[2025-04-30 16:25:14] Bảng usersss đã tồn tại, không thể tạo mới
[2025-04-30 16:25:14] Cột us2e122112rsss trong users dã tồn tại, không thể tạo cột mới
[2025-04-30 16:25:15] Bảng usersss đã tồn tại, không thể tạo mới
[2025-04-30 16:25:15] Cột us2e122112rsss trong users dã tồn tại, không thể tạo cột mới
[2025-04-30 16:25:15] Bảng usersss đã tồn tại, không thể tạo mới
[2025-04-30 16:25:15] Cột us2e122112rsss trong users dã tồn tại, không thể tạo cột mới
[2025-04-30 16:25:23] Bảng usersss đã tồn tại, không thể tạo mới
[2025-04-30 16:25:23] Cột us2e122112rsss trong users dã tồn tại, không thể tạo cột mới
[2025-04-30 16:25:27] Bảng usersss đã tồn tại, không thể tạo mới
[2025-04-30 16:25:27] Cột us2e122112rsss trong users dã tồn tại, không thể tạo cột mới
[2025-04-30 16:25:31] Bảng usersss đã tồn tại, không thể tạo mới
[2025-04-30 16:25:31] Cột us2e122112rsss trong users dã tồn tại, không thể tạo cột mới
[2025-04-30 16:25:36] Bảng usersss đã tồn tại, không thể tạo mới
[2025-04-30 16:25:36] Cột us2e122112rsss trong users dã tồn tại, không thể tạo cột mới
[2025-04-30 16:25:36] Bảng usersss đã tồn tại, không thể tạo mới
[2025-04-30 16:25:36] Cột us2e122112rsss trong users dã tồn tại, không thể tạo cột mới
[2025-04-30 16:25:55] Bảng usersss đã tồn tại, không thể tạo mới
[2025-04-30 16:25:55] Cột us2e122112rsss trong users dã tồn tại, không thể tạo cột mới
[2025-04-30 16:25:55] Bảng usersss đã tồn tại, không thể tạo mới
[2025-04-30 16:25:55] Cột us2e122112rsss trong users dã tồn tại, không thể tạo cột mới
[2025-04-30 16:25:57] Bảng usersss đã tồn tại, không thể tạo mới
[2025-04-30 16:25:57] Cột us2e122112rsss trong users dã tồn tại, không thể tạo cột mới
[2025-04-30 16:25:58] Bảng usersss đã tồn tại, không thể tạo mới
[2025-04-30 16:25:58] Cột us2e122112rsss trong users dã tồn tại, không thể tạo cột mới
[2025-04-30 16:26:03] Bảng usersss đã tồn tại, không thể tạo mới
[2025-04-30 16:26:03] Cột us2e122112rsss trong users dã tồn tại, không thể tạo cột mới
[2025-04-30 16:26:04] Bảng usersss đã tồn tại, không thể tạo mới
[2025-04-30 16:26:04] Cột us2e122112rsss trong users dã tồn tại, không thể tạo cột mới
[2025-04-30 16:26:06] Bảng usersss đã tồn tại, không thể tạo mới
[2025-04-30 16:26:06] Cột us2e122112rsss trong users dã tồn tại, không thể tạo cột mới
[2025-04-30 16:26:06] Bảng usersss đã tồn tại, không thể tạo mới
[2025-04-30 16:26:06] Cột us2e122112rsss trong users dã tồn tại, không thể tạo cột mới
[2025-04-30 16:26:21] Bảng usersss đã tồn tại, không thể tạo mới
[2025-04-30 16:26:21] Cột us2e122112rsss trong users dã tồn tại, không thể tạo cột mới
[2025-04-30 16:26:33] Bảng usersss đã tồn tại, không thể tạo mới
[2025-04-30 16:26:33] Cột us2e122112rsss trong users dã tồn tại, không thể tạo cột mới
[2025-04-30 16:26:34] Bảng usersss đã tồn tại, không thể tạo mới
[2025-04-30 16:26:34] Cột us2e122112rsss trong users dã tồn tại, không thể tạo cột mới
[2025-04-30 16:26:34] Bảng usersss đã tồn tại, không thể tạo mới
[2025-04-30 16:26:34] Cột us2e122112rsss trong users dã tồn tại, không thể tạo cột mới
[2025-04-30 16:26:36] Bảng usersss đã tồn tại, không thể tạo mới
[2025-04-30 16:26:36] Cột us2e122112rsss trong users dã tồn tại, không thể tạo cột mới
[2025-04-30 16:26:36] Bảng usersss đã tồn tại, không thể tạo mới
[2025-04-30 16:26:36] Cột us2e122112rsss trong users dã tồn tại, không thể tạo cột mới
[2025-04-30 16:26:36] Bảng usersss đã tồn tại, không thể tạo mới
[2025-04-30 16:26:36] Cột us2e122112rsss trong users dã tồn tại, không thể tạo cột mới
[2025-04-30 16:26:37] Bảng usersss đã tồn tại, không thể tạo mới
[2025-04-30 16:26:37] Cột us2e122112rsss trong users dã tồn tại, không thể tạo cột mới
[2025-04-30 16:26:37] Bảng usersss đã tồn tại, không thể tạo mới
[2025-04-30 16:26:37] Cột us2e122112rsss trong users dã tồn tại, không thể tạo cột mới
[2025-04-30 16:26:50] Bảng users đã tồn tại, không thể tạo mới
[2025-04-30 16:26:51] Bảng users đã tồn tại, không thể tạo mới
[2025-04-30 16:26:51] Cột name333 trong users dã tồn tại, không thể tạo cột mới
[2025-04-30 16:27:00] Bảng users đã tồn tại, không thể tạo mới
[2025-04-30 16:27:05] Cột convitbau trong users dã tồn tại, không thể tạo cột mới
[2025-04-30 16:27:06] Bảng usedrs đã tồn tại, không thể tạo mới
[2025-04-30 16:27:06] Cột convitbau trong users dã tồn tại, không thể tạo cột mới
[2025-04-30 16:29:47] Bảng usedrs đã tồn tại, không thể tạo mới
[2025-04-30 16:29:47] Cột convitbau trong users dã tồn tại, không thể tạo cột mới
[2025-04-30 16:51:51] Bảng usedrs đã tồn tại, không thể tạo mới
[2025-04-30 16:51:51] Cột convitbau trong users dã tồn tại, không thể tạo cột mới
[2025-04-30 16:52:14] Bảng usedrs đã tồn tại, không thể tạo mới
[2025-04-30 16:52:14] Cột convitbau trong users dã tồn tại, không thể tạo cột mới
[2025-04-30 16:52:55] Bảng usedrs đã tồn tại, không thể tạo mới
[2025-04-30 16:52:55] Cột convitbau trong users dã tồn tại, không thể tạo cột mới
[2025-04-30 16:53:38] Bảng usedrs đã tồn tại, không thể tạo mới
[2025-04-30 16:53:38] Cột convitbau trong users dã tồn tại, không thể tạo cột mới
[2025-04-30 16:53:55] Bảng usedrs đã tồn tại, không thể tạo mới
[2025-04-30 16:53:55] Cột convitbau trong users dã tồn tại, không thể tạo cột mới
[2025-04-30 16:53:55] Bảng usedrs đã tồn tại, không thể tạo mới
[2025-04-30 16:53:55] Cột convitbau trong users dã tồn tại, không thể tạo cột mới
[2025-04-30 16:53:55] Bảng usedrs đã tồn tại, không thể tạo mới
[2025-04-30 16:53:55] Cột convitbau trong users dã tồn tại, không thể tạo cột mới
[2025-04-30 16:53:55] Bảng usedrs đã tồn tại, không thể tạo mới
[2025-04-30 16:53:55] Cột convitbau trong users dã tồn tại, không thể tạo cột mới
[2025-04-30 16:54:39] Bảng usedrs đã tồn tại, không thể tạo mới
[2025-04-30 16:54:39] Cột convitbau trong users dã tồn tại, không thể tạo cột mới
[2025-04-30 16:54:44] Bảng usedrs đã tồn tại, không thể tạo mới
[2025-04-30 16:54:44] Cột convitbau trong users dã tồn tại, không thể tạo cột mới
[2025-04-30 16:54:53] Bảng usedrs đã tồn tại, không thể tạo mới
[2025-04-30 16:54:53] Cột convitbau trong users dã tồn tại, không thể tạo cột mới
[2025-04-30 16:55:06] Bảng usedrs đã tồn tại, không thể tạo mới
[2025-04-30 16:55:06] Cột convitbau trong users dã tồn tại, không thể tạo cột mới
[2025-04-30 16:55:34] Bảng usedrs đã tồn tại, không thể tạo mới
[2025-04-30 16:55:34] Cột convitbau trong users dã tồn tại, không thể tạo cột mới
[2025-04-30 16:55:36] Bảng usedrs đã tồn tại, không thể tạo mới
[2025-04-30 16:55:36] Cột convitbau trong users dã tồn tại, không thể tạo cột mới
[2025-04-30 17:21:45] Bảng usedrs đã tồn tại, không thể tạo mới
[2025-04-30 17:21:45] Cột convitbau trong users dã tồn tại, không thể tạo cột mới
[2025-04-30 17:21:46] Bảng usedrs đã tồn tại, không thể tạo mới
[2025-04-30 17:21:46] Cột convitbau trong users dã tồn tại, không thể tạo cột mới
[2025-04-30 17:23:07] Bảng usedrs đã tồn tại, không thể tạo mới
[2025-04-30 17:23:07] Cột convitbau trong users dã tồn tại, không thể tạo cột mới
[2025-04-30 17:23:12] Bảng usedrs đã tồn tại, không thể tạo mới
[2025-04-30 17:23:12] Cột convitbau trong users dã tồn tại, không thể tạo cột mới
[2025-04-30 17:23:34] Bảng usedrs đã tồn tại, không thể tạo mới
[2025-04-30 17:23:34] Cột convitbau trong users dã tồn tại, không thể tạo cột mới
[2025-04-30 17:23:34] Data type không phù hợp, kiểm tra trong config.php
[2025-04-30 17:24:25] Bảng usedrs đã tồn tại, không thể tạo mới
[2025-04-30 17:24:25] Cột convitbau trong users dã tồn tại, không thể tạo cột mới
[2025-04-30 17:24:25] Data type không phù hợp, kiểm tra trong config.php
[2025-04-30 17:24:26] Bảng usedrs đã tồn tại, không thể tạo mới
[2025-04-30 17:24:26] Cột convitbau trong users dã tồn tại, không thể tạo cột mới
[2025-04-30 17:24:26] Data type không phù hợp, kiểm tra trong config.php
[2025-04-30 17:26:58] Bảng usedrs đã tồn tại, không thể tạo mới
[2025-04-30 17:26:58] Cột convitbau trong users dã tồn tại, không thể tạo cột mới
[2025-04-30 17:27:30] Bảng usedrs đã tồn tại, không thể tạo mới
[2025-04-30 17:27:30] Cột convitbau trong users dã tồn tại, không thể tạo cột mới
[2025-04-30 17:27:31] Bảng usedrs đã tồn tại, không thể tạo mới
[2025-04-30 17:27:31] Cột convitbau trong users dã tồn tại, không thể tạo cột mới
[2025-04-30 17:28:23] Bảng usedrs đã tồn tại, không thể tạo mới
[2025-04-30 17:28:23] Cột convitbau trong users dã tồn tại, không thể tạo cột mới
[2025-04-30 17:30:22] Bảng usedrs đã tồn tại, không thể tạo mới
[2025-04-30 17:30:22] Cột convitbau trong users dã tồn tại, không thể tạo cột mới
[2025-04-30 17:30:23] Bảng usedrs đã tồn tại, không thể tạo mới
[2025-04-30 17:30:23] Cột convitbau trong users dã tồn tại, không thể tạo cột mới
[2025-04-30 17:31:06] Bảng usedrs đã tồn tại, không thể tạo mới
[2025-04-30 17:31:06] Cột convitbau trong users dã tồn tại, không thể tạo cột mới
[2025-04-30 17:31:07] Bảng usedrs đã tồn tại, không thể tạo mới
[2025-04-30 17:31:07] Cột convitbau trong users dã tồn tại, không thể tạo cột mới
[2025-04-30 17:32:11] Bảng usedrs đã tồn tại, không thể tạo mới
[2025-04-30 17:32:11] Cột convitbau trong users dã tồn tại, không thể tạo cột mới
[2025-04-30 17:32:19] Bảng usedrs đã tồn tại, không thể tạo mới
[2025-04-30 17:32:19] Bảng usedrs đã tồn tại, không thể tạo mới
[2025-04-30 17:32:19] Cột pro trong users dã tồn tại, không thể tạo cột mới
[2025-04-30 17:32:34] Bảng usedrs đã tồn tại, không thể tạo mới
[2025-04-30 17:32:34] Cột pro trong users dã tồn tại, không thể tạo cột mới
[2025-04-30 17:32:51] Bảng usedrs đã tồn tại, không thể tạo mới
[2025-04-30 17:32:56] Bảng usedrs đã tồn tại, không thể tạo mới
[2025-04-30 17:32:57] Bảng usedrs đã tồn tại, không thể tạo mới
[2025-04-30 17:32:57] Cột psdro trong users dã tồn tại, không thể tạo cột mới
[2025-04-30 17:33:09] Bảng usedrs đã tồn tại, không thể tạo mới
[2025-04-30 17:33:09] Cột psdro trong users dã tồn tại, không thể tạo cột mới
[2025-04-30 17:33:20] Bảng usedrs đã tồn tại, không thể tạo mới
[2025-04-30 17:33:20] Cột psdro trong users dã tồn tại, không thể tạo cột mới
[2025-04-30 17:50:14] Lỗi Database.php - mysqli_query() không thành công
[2025-04-30 17:50:14] Bảng usedrs đã tồn tại, không thể tạo mới
[2025-04-30 17:50:14] Cột psdro trong users dã tồn tại, không thể tạo cột mới
[2025-04-30 17:51:06] Lỗi Database.php - mysqli_query() không thành công
[2025-04-30 17:51:06] Bảng usedrs đã tồn tại, không thể tạo mới
[2025-04-30 17:51:06] Cột psdro trong users dã tồn tại, không thể tạo cột mới
[2025-04-30 18:03:43] Lỗi Database.php - mysqli_query() không thành công
[2025-04-30 18:03:43] Bảng usedrs đã tồn tại, không thể tạo mới
[2025-04-30 18:03:43] Cột psdro trong users dã tồn tại, không thể tạo cột mới
[2025-04-30 18:04:08] Lỗi Database.php - mysqli_query() không thành công
[2025-04-30 18:04:08] Bảng usedrs đã tồn tại, không thể tạo mới
[2025-04-30 18:04:08] Cột psdro trong users dã tồn tại, không thể tạo cột mới
[2025-04-30 18:04:13] Lỗi Database.php - mysqli_query() không thành công
[2025-04-30 18:04:13] Bảng usedrs đã tồn tại, không thể tạo mới
[2025-04-30 18:04:13] Cột psdro trong users dã tồn tại, không thể tạo cột mới
[2025-04-30 18:04:27] Lỗi Database.php - mysqli_query() không thành công
[2025-04-30 18:04:27] Bảng usedrs đã tồn tại, không thể tạo mới
[2025-04-30 18:04:27] Cột psdro trong users dã tồn tại, không thể tạo cột mới
[2025-04-30 18:04:36] Lỗi Database.php - mysqli_query() không thành công
[2025-04-30 18:04:36] Bảng usedrs đã tồn tại, không thể tạo mới
[2025-04-30 18:04:36] Cột psdro trong users dã tồn tại, không thể tạo cột mới
[2025-04-30 18:07:24] Lỗi Database.php - mysqli_query() không thành công
[2025-04-30 18:07:24] Bảng usedrs đã tồn tại, không thể tạo mới
[2025-04-30 18:07:24] Cột psdro trong users dã tồn tại, không thể tạo cột mới
[2025-04-30 18:11:08] Lỗi Database.php - mysqli_query() không thành công
[2025-04-30 18:11:08] Bảng usedrs đã tồn tại, không thể tạo mới
[2025-04-30 18:11:08] Cột psdro trong users dã tồn tại, không thể tạo cột mới
[2025-04-30 18:12:13] Lỗi Database.php - mysqli_query() không thành công
[2025-04-30 18:12:13] Bảng usedrs đã tồn tại, không thể tạo mới
[2025-04-30 18:12:13] Cột psdro trong users dã tồn tại, không thể tạo cột mới
[2025-04-30 18:13:17] Lỗi Database.php - mysqli_query() không thành công
[2025-04-30 18:13:17] Bảng usedrs đã tồn tại, không thể tạo mới
[2025-04-30 18:13:17] Cột psdro trong users dã tồn tại, không thể tạo cột mới
[2025-04-30 18:13:26] Lỗi Database.php - mysqli_query() không thành công
[2025-04-30 18:13:26] Bảng usedrs đã tồn tại, không thể tạo mới
[2025-04-30 18:13:26] Cột psdro trong users dã tồn tại, không thể tạo cột mới
[2025-04-30 18:13:49] Lỗi Database.php - mysqli_query() không thành công
[2025-04-30 18:13:49] Bảng usedrs đã tồn tại, không thể tạo mới
[2025-04-30 18:13:49] Cột psdro trong users dã tồn tại, không thể tạo cột mới
[2025-04-30 18:14:05] Lỗi Database.php - mysqli_query() không thành công
[2025-04-30 18:14:05] Bảng usedrs đã tồn tại, không thể tạo mới
[2025-04-30 18:14:05] Cột psdro trong users dã tồn tại, không thể tạo cột mới
[2025-04-30 18:14:06] Lỗi Database.php - mysqli_query() không thành công
[2025-04-30 18:14:06] Bảng usedrs đã tồn tại, không thể tạo mới
[2025-04-30 18:14:06] Cột psdro trong users dã tồn tại, không thể tạo cột mới
[2025-04-30 18:14:07] Lỗi Database.php - mysqli_query() không thành công
[2025-04-30 18:14:07] Bảng usedrs đã tồn tại, không thể tạo mới
[2025-04-30 18:14:07] Cột psdro trong users dã tồn tại, không thể tạo cột mới
[2025-04-30 18:14:07] Lỗi Database.php - mysqli_query() không thành công
[2025-04-30 18:14:07] Bảng usedrs đã tồn tại, không thể tạo mới
[2025-04-30 18:14:07] Cột psdro trong users dã tồn tại, không thể tạo cột mới
[2025-04-30 18:14:13] Lỗi Database.php - mysqli_query() không thành công
[2025-04-30 18:14:13] Bảng usedrs đã tồn tại, không thể tạo mới
[2025-04-30 18:14:13] Cột psdro trong users dã tồn tại, không thể tạo cột mới
[2025-04-30 18:14:14] Lỗi Database.php - mysqli_query() không thành công
[2025-04-30 18:14:14] Bảng usedrs đã tồn tại, không thể tạo mới
[2025-04-30 18:14:14] Cột psdro trong users dã tồn tại, không thể tạo cột mới
[2025-04-30 18:14:23] Lỗi Database.php - mysqli_query() không thành công
[2025-04-30 18:14:23] Bảng usedrs đã tồn tại, không thể tạo mới
[2025-04-30 18:14:23] Cột psdro trong users dã tồn tại, không thể tạo cột mới
[2025-04-30 18:14:23] Lỗi Database.php - mysqli_query() không thành công
[2025-04-30 18:14:23] Bảng usedrs đã tồn tại, không thể tạo mới
[2025-04-30 18:14:23] Cột psdro trong users dã tồn tại, không thể tạo cột mới
[2025-04-30 18:14:24] Lỗi Database.php - mysqli_query() không thành công
[2025-04-30 18:14:24] Bảng usedrs đã tồn tại, không thể tạo mới
[2025-04-30 18:14:24] Cột psdro trong users dã tồn tại, không thể tạo cột mới
[2025-04-30 18:27:13] Lỗi Database.php - mysqli_query() không thành công
[2025-04-30 18:27:13] Bảng usedrs đã tồn tại, không thể tạo mới
[2025-04-30 18:27:13] Cột psdro trong users dã tồn tại, không thể tạo cột mới
[2025-04-30 18:27:25] Lỗi Database.php - mysqli_query() không thành công
[2025-04-30 18:27:25] Bảng usedrs đã tồn tại, không thể tạo mới
[2025-04-30 18:27:25] Cột psdro trong users dã tồn tại, không thể tạo cột mới
[2025-04-30 18:28:27] Lỗi Database.php - mysqli_query() không thành công
[2025-04-30 18:28:27] Bảng usedrs đã tồn tại, không thể tạo mới
[2025-04-30 18:28:27] Cột psdro trong users dã tồn tại, không thể tạo cột mới
[2025-04-30 18:28:27] Lỗi Database.php - mysqli_query() không thành công
[2025-04-30 18:28:27] Bảng usedrs đã tồn tại, không thể tạo mới
[2025-04-30 18:28:27] Cột psdro trong users dã tồn tại, không thể tạo cột mới
[2025-04-30 18:28:28] Lỗi Database.php - mysqli_query() không thành công
[2025-04-30 18:28:28] Bảng usedrs đã tồn tại, không thể tạo mới
[2025-04-30 18:28:28] Cột psdro trong users dã tồn tại, không thể tạo cột mới
[2025-04-30 18:29:10] Lỗi Database.php - mysqli_query() không thành công
[2025-04-30 18:29:10] Bảng usedrs đã tồn tại, không thể tạo mới
[2025-04-30 18:29:10] Cột psdro trong users dã tồn tại, không thể tạo cột mới
[2025-04-30 18:29:20] Lỗi Database.php - mysqli_query() không thành công
[2025-04-30 18:29:20] Bảng usedrs đã tồn tại, không thể tạo mới
[2025-04-30 18:29:20] Cột psdro trong users dã tồn tại, không thể tạo cột mới
[2025-04-30 18:29:38] Lỗi Database.php - mysqli_query() không thành công
[2025-04-30 18:29:38] Bảng usedrs đã tồn tại, không thể tạo mới
[2025-04-30 18:29:38] Cột psdro trong users dã tồn tại, không thể tạo cột mới
[2025-04-30 18:29:50] Lỗi Database.php - mysqli_query() không thành công
[2025-04-30 18:29:50] Bảng usedrs đã tồn tại, không thể tạo mới
[2025-04-30 18:29:50] Cột psdro trong users dã tồn tại, không thể tạo cột mới
[2025-04-30 18:30:17] Lỗi Database.php - mysqli_query() không thành công
[2025-04-30 18:30:17] Bảng usedrs đã tồn tại, không thể tạo mới
[2025-04-30 18:30:17] Cột psdro trong users dã tồn tại, không thể tạo cột mới
[2025-04-30 18:30:53] Lỗi Database.php - mysqli_query() không thành công
[2025-04-30 18:30:53] Bảng usedrs đã tồn tại, không thể tạo mới
[2025-04-30 18:30:53] Cột psdro trong users dã tồn tại, không thể tạo cột mới
[2025-04-30 18:30:53] Lỗi Database.php - mysqli_query() không thành công
[2025-04-30 18:30:53] Bảng usedrs đã tồn tại, không thể tạo mới
[2025-04-30 18:30:53] Cột psdro trong users dã tồn tại, không thể tạo cột mới
[2025-04-30 18:31:43] Lỗi Database.php - mysqli_query() không thành công
[2025-04-30 18:31:43] Bảng usedrs đã tồn tại, không thể tạo mới
[2025-04-30 18:31:43] Cột psdro trong users dã tồn tại, không thể tạo cột mới
[2025-04-30 18:33:05] Lỗi Database.php - mysqli_query() không thành công
[2025-04-30 18:33:05] Bảng usedrs đã tồn tại, không thể tạo mới
[2025-04-30 18:33:05] Cột psdro trong users dã tồn tại, không thể tạo cột mới
[2025-04-30 18:33:06] Lỗi Database.php - mysqli_query() không thành công
[2025-04-30 18:33:06] Bảng usedrs đã tồn tại, không thể tạo mới
[2025-04-30 18:33:06] Cột psdro trong users dã tồn tại, không thể tạo cột mới
[2025-04-30 18:37:45] Lỗi Database.php - mysqli_query() không thành công
[2025-04-30 18:37:45] Bảng usedrs đã tồn tại, không thể tạo mới
[2025-04-30 18:37:45] Cột psdro trong users dã tồn tại, không thể tạo cột mới
[2025-04-30 18:51:03] Lỗi Database.php - mysqli_query() không thành công
[2025-04-30 18:51:03] Bảng usedrs đã tồn tại, không thể tạo mới
[2025-04-30 18:51:03] Cột psdro trong users dã tồn tại, không thể tạo cột mới
[2025-04-30 18:51:08] Lỗi Database.php - mysqli_query() không thành công
[2025-04-30 18:51:08] Bảng usedrs đã tồn tại, không thể tạo mới
[2025-04-30 18:51:08] Cột psdro trong users dã tồn tại, không thể tạo cột mới
[2025-04-30 18:51:08] Lỗi Database.php - mysqli_query() không thành công
[2025-04-30 18:51:08] Bảng usedrs đã tồn tại, không thể tạo mới
[2025-04-30 18:51:08] Cột psdro trong users dã tồn tại, không thể tạo cột mới
[2025-04-30 18:51:33] Lỗi Database.php - mysqli_query() không thành công
[2025-04-30 18:51:33] Bảng usedrs đã tồn tại, không thể tạo mới
[2025-04-30 18:51:33] Cột psdro trong users dã tồn tại, không thể tạo cột mới
[2025-04-30 18:51:52] Lỗi Database.php - mysqli_query() không thành công
[2025-04-30 18:51:52] Bảng usedrs đã tồn tại, không thể tạo mới
[2025-04-30 18:51:52] Cột psdro trong users dã tồn tại, không thể tạo cột mới
[2025-04-30 21:14:00] Lỗi Database.php - mysqli_query() không thành công
[2025-04-30 21:14:00] Bảng usedrs đã tồn tại, không thể tạo mới
[2025-04-30 21:14:00] Cột psdro trong users dã tồn tại, không thể tạo cột mới
[2025-04-30 21:22:45] Lỗi Database.php - mysqli_query() không thành công
[2025-04-30 21:22:45] Bảng usedrs đã tồn tại, không thể tạo mới
[2025-04-30 21:22:45] Cột psdro trong users dã tồn tại, không thể tạo cột mới
[2025-04-30 21:24:04] Lỗi Database.php - mysqli_query() không thành công
[2025-04-30 21:24:04] Bảng usedrs đã tồn tại, không thể tạo mới
[2025-04-30 21:24:04] Cột psdro trong users dã tồn tại, không thể tạo cột mới
[2025-04-30 21:24:21] Lỗi Database.php - mysqli_query() không thành công
[2025-04-30 21:24:21] Bảng usedrs đã tồn tại, không thể tạo mới
[2025-04-30 21:24:21] Cột psdro trong users dã tồn tại, không thể tạo cột mới
[2025-04-30 21:29:19] Lỗi Database.php - mysqli_query() không thành công
[2025-04-30 21:29:19] Bảng usedrs đã tồn tại, không thể tạo mới
[2025-04-30 21:29:19] Cột psdro trong users dã tồn tại, không thể tạo cột mới
[2025-04-30 21:29:25] Lỗi Database.php - mysqli_query() không thành công
[2025-04-30 21:29:25] Bảng usedrs đã tồn tại, không thể tạo mới
[2025-04-30 21:29:25] Cột psdro trong users dã tồn tại, không thể tạo cột mới
[2025-04-30 21:29:39] Lỗi Database.php - mysqli_query() không thành công
[2025-04-30 21:29:39] Bảng usedrs đã tồn tại, không thể tạo mới
[2025-04-30 21:29:39] Cột psdro trong users dã tồn tại, không thể tạo cột mới
[2025-04-30 21:29:39] Exception tại delete: Unknown column 'n2ame' in 'where clause'
[2025-04-30 21:30:53] Lỗi Database.php - mysqli_query() không thành công
[2025-04-30 21:30:53] Bảng usedrs đã tồn tại, không thể tạo mới
[2025-04-30 21:30:53] Cột psdro trong users dã tồn tại, không thể tạo cột mới
[2025-04-30 21:30:53] Exception tại delete: Unknown column 'n2ame' in 'where clause'
[2025-04-30 21:42:28] Lỗi Database.php - mysqli_query() không thành công
[2025-04-30 21:42:28] Bảng usedrs đã tồn tại, không thể tạo mới
[2025-04-30 21:42:28] Cột psdro trong users dã tồn tại, không thể tạo cột mới
[2025-04-30 21:42:28] Exception tại delete: Unknown column 'n2ame' in 'where clause'
[2025-04-30 21:42:29] Lỗi Database.php - mysqli_query() không thành công
[2025-04-30 21:42:29] Bảng usedrs đã tồn tại, không thể tạo mới
[2025-04-30 21:42:29] Cột psdro trong users dã tồn tại, không thể tạo cột mới
[2025-04-30 21:42:29] Exception tại delete: Unknown column 'n2ame' in 'where clause'
[2025-04-30 21:42:29] Lỗi Database.php - mysqli_query() không thành công
[2025-04-30 21:42:29] Bảng usedrs đã tồn tại, không thể tạo mới
[2025-04-30 21:42:29] Cột psdro trong users dã tồn tại, không thể tạo cột mới
[2025-04-30 21:42:29] Exception tại delete: Unknown column 'n2ame' in 'where clause'
[2025-04-30 21:42:29] Lỗi Database.php - mysqli_query() không thành công
[2025-04-30 21:42:29] Bảng usedrs đã tồn tại, không thể tạo mới
[2025-04-30 21:42:29] Cột psdro trong users dã tồn tại, không thể tạo cột mới
[2025-04-30 21:42:29] Exception tại delete: Unknown column 'n2ame' in 'where clause'
[2025-04-30 21:42:29] Lỗi Database.php - mysqli_query() không thành công
[2025-04-30 21:42:29] Bảng usedrs đã tồn tại, không thể tạo mới
[2025-04-30 21:42:29] Cột psdro trong users dã tồn tại, không thể tạo cột mới
[2025-04-30 21:42:29] Exception tại delete: Unknown column 'n2ame' in 'where clause'
[2025-04-30 22:16:53] Lỗi Database.php - mysqli_query() không thành công
[2025-04-30 22:16:53] Bảng usedrs đã tồn tại, không thể tạo mới
[2025-04-30 22:16:53] Cột psdro trong users dã tồn tại, không thể tạo cột mới
[2025-04-30 22:16:53] Exception tại delete: Unknown column 'n2ame' in 'where clause'
[2025-04-30 22:16:53] Lỗi Database.php - mysqli_query() không thành công
[2025-04-30 22:16:53] Bảng usedrs đã tồn tại, không thể tạo mới
[2025-04-30 22:16:53] Cột psdro trong users dã tồn tại, không thể tạo cột mới
[2025-04-30 22:16:53] Exception tại delete: Unknown column 'n2ame' in 'where clause'
[2025-04-30 22:44:59] Lỗi Database.php - mysqli_query() không thành công
[2025-04-30 22:44:59] Bảng usedrs đã tồn tại, không thể tạo mới
[2025-04-30 22:44:59] Cột psdro trong users dã tồn tại, không thể tạo cột mới
[2025-04-30 22:44:59] Exception tại select: You have an error in your SQL syntax; check the manual that corresponds to your MySQL server version for the right syntax to use near 'Array LIMIT 2' at line 1
[2025-04-30 22:44:59] Exception tại delete: You have an error in your SQL syntax; check the manual that corresponds to your MySQL server version for the right syntax to use near 'Trần Thanh Tùng'' AND `hello` IS NULL' at line 1
[2025-04-30 22:46:03] Lỗi Database.php - mysqli_query() không thành công
[2025-04-30 22:46:03] Bảng usedrs đã tồn tại, không thể tạo mới
[2025-04-30 22:46:03] Cột psdro trong users dã tồn tại, không thể tạo cột mới
[2025-04-30 22:46:03] Exception tại select: You have an error in your SQL syntax; check the manual that corresponds to your MySQL server version for the right syntax to use near 'Array LIMIT 2' at line 1
[2025-04-30 22:46:04] Lỗi Database.php - mysqli_query() không thành công
[2025-04-30 22:46:04] Bảng usedrs đã tồn tại, không thể tạo mới
[2025-04-30 22:46:04] Cột psdro trong users dã tồn tại, không thể tạo cột mới
[2025-04-30 22:46:04] Exception tại select: You have an error in your SQL syntax; check the manual that corresponds to your MySQL server version for the right syntax to use near 'Array LIMIT 2' at line 1
[2025-04-30 22:46:05] Lỗi Database.php - mysqli_query() không thành công
[2025-04-30 22:46:05] Bảng usedrs đã tồn tại, không thể tạo mới
[2025-04-30 22:46:05] Cột psdro trong users dã tồn tại, không thể tạo cột mới
[2025-04-30 22:46:05] Exception tại select: You have an error in your SQL syntax; check the manual that corresponds to your MySQL server version for the right syntax to use near 'Array LIMIT 2' at line 1
[2025-04-30 22:46:05] Lỗi Database.php - mysqli_query() không thành công
[2025-04-30 22:46:05] Bảng usedrs đã tồn tại, không thể tạo mới
[2025-04-30 22:46:05] Cột psdro trong users dã tồn tại, không thể tạo cột mới
[2025-04-30 22:46:05] Exception tại select: You have an error in your SQL syntax; check the manual that corresponds to your MySQL server version for the right syntax to use near 'Array LIMIT 2' at line 1
[2025-04-30 22:46:05] Lỗi Database.php - mysqli_query() không thành công
[2025-04-30 22:46:05] Bảng usedrs đã tồn tại, không thể tạo mới
[2025-04-30 22:46:05] Cột psdro trong users dã tồn tại, không thể tạo cột mới
[2025-04-30 22:46:05] Exception tại select: You have an error in your SQL syntax; check the manual that corresponds to your MySQL server version for the right syntax to use near 'Array LIMIT 2' at line 1
[2025-04-30 22:46:06] Lỗi Database.php - mysqli_query() không thành công
[2025-04-30 22:46:06] Bảng usedrs đã tồn tại, không thể tạo mới
[2025-04-30 22:46:06] Cột psdro trong users dã tồn tại, không thể tạo cột mới
[2025-04-30 22:46:06] Exception tại select: You have an error in your SQL syntax; check the manual that corresponds to your MySQL server version for the right syntax to use near 'Array LIMIT 2' at line 1
[2025-04-30 22:46:06] Lỗi Database.php - mysqli_query() không thành công
[2025-04-30 22:46:06] Bảng usedrs đã tồn tại, không thể tạo mới
[2025-04-30 22:46:06] Cột psdro trong users dã tồn tại, không thể tạo cột mới
[2025-04-30 22:46:06] Exception tại select: You have an error in your SQL syntax; check the manual that corresponds to your MySQL server version for the right syntax to use near 'Array LIMIT 2' at line 1
[2025-04-30 22:46:23] Lỗi Database.php - mysqli_query() không thành công
[2025-04-30 22:46:23] Bảng usedrs đã tồn tại, không thể tạo mới
[2025-04-30 22:46:23] Cột psdro trong users dã tồn tại, không thể tạo cột mới
[2025-04-30 22:46:23] Exception tại select: You have an error in your SQL syntax; check the manual that corresponds to your MySQL server version for the right syntax to use near 'Array LIMIT 2' at line 1
[2025-04-30 22:46:23] Exception tại delete: You have an error in your SQL syntax; check the manual that corresponds to your MySQL server version for the right syntax to use near 'Trần Thanh Tùng'' AND `hello` IS NULL' at line 1
[2025-04-30 22:46:46] Lỗi Database.php - mysqli_query() không thành công
[2025-04-30 22:46:46] Bảng usedrs đã tồn tại, không thể tạo mới
[2025-04-30 22:46:46] Cột psdro trong users dã tồn tại, không thể tạo cột mới
[2025-04-30 22:47:01] Lỗi Database.php - mysqli_query() không thành công
[2025-04-30 22:47:01] Bảng usedrs đã tồn tại, không thể tạo mới
[2025-04-30 22:47:01] Cột psdro trong users dã tồn tại, không thể tạo cột mới
[2025-04-30 22:48:14] Lỗi Database.php - mysqli_query() không thành công
[2025-04-30 22:48:14] Bảng usedrs đã tồn tại, không thể tạo mới
[2025-04-30 22:48:14] Cột psdro trong users dã tồn tại, không thể tạo cột mới
[2025-04-30 22:48:22] Lỗi Database.php - mysqli_query() không thành công
[2025-04-30 22:48:22] Bảng usedrs đã tồn tại, không thể tạo mới
[2025-04-30 22:48:22] Cột psdro trong users dã tồn tại, không thể tạo cột mới
[2025-04-30 22:48:41] Lỗi Database.php - mysqli_query() không thành công
[2025-04-30 22:48:41] Bảng usedrs đã tồn tại, không thể tạo mới
[2025-04-30 22:48:41] Cột psdro trong users dã tồn tại, không thể tạo cột mới
[2025-04-30 22:48:45] Lỗi Database.php - mysqli_query() không thành công
[2025-04-30 22:48:45] Bảng usedrs đã tồn tại, không thể tạo mới
[2025-04-30 22:48:45] Cột psdro trong users dã tồn tại, không thể tạo cột mới
[2025-04-30 22:48:45] Exception tại delete: You have an error in your SQL syntax; check the manual that corresponds to your MySQL server version for the right syntax to use near 'Trần Thanh Tùng'' AND `hello` IS NULL' at line 1
[2025-04-30 22:49:50] Lỗi Database.php - mysqli_query() không thành công
[2025-04-30 22:49:50] Bảng usedrs đã tồn tại, không thể tạo mới
[2025-04-30 22:49:50] Cột psdro trong users dã tồn tại, không thể tạo cột mới
[2025-04-30 22:49:50] Exception tại delete: You have an error in your SQL syntax; check the manual that corresponds to your MySQL server version for the right syntax to use near 'Trần Thanh Tùng'' AND `hello` IS NULL' at line 1
[2025-04-30 22:49:50] Lỗi Database.php - mysqli_query() không thành công
[2025-04-30 22:49:50] Bảng usedrs đã tồn tại, không thể tạo mới
[2025-04-30 22:49:50] Cột psdro trong users dã tồn tại, không thể tạo cột mới
[2025-04-30 22:49:50] Exception tại delete: You have an error in your SQL syntax; check the manual that corresponds to your MySQL server version for the right syntax to use near 'Trần Thanh Tùng'' AND `hello` IS NULL' at line 1
[2025-04-30 22:49:50] Lỗi Database.php - mysqli_query() không thành công
[2025-04-30 22:49:50] Bảng usedrs đã tồn tại, không thể tạo mới
[2025-04-30 22:49:50] Cột psdro trong users dã tồn tại, không thể tạo cột mới
[2025-04-30 22:49:50] Exception tại delete: You have an error in your SQL syntax; check the manual that corresponds to your MySQL server version for the right syntax to use near 'Trần Thanh Tùng'' AND `hello` IS NULL' at line 1
[2025-04-30 22:49:50] Lỗi Database.php - mysqli_query() không thành công
[2025-04-30 22:49:50] Bảng usedrs đã tồn tại, không thể tạo mới
[2025-04-30 22:49:50] Cột psdro trong users dã tồn tại, không thể tạo cột mới
[2025-04-30 22:49:50] Exception tại delete: You have an error in your SQL syntax; check the manual that corresponds to your MySQL server version for the right syntax to use near 'Trần Thanh Tùng'' AND `hello` IS NULL' at line 1
[2025-04-30 22:49:51] Lỗi Database.php - mysqli_query() không thành công
[2025-04-30 22:49:51] Bảng usedrs đã tồn tại, không thể tạo mới
[2025-04-30 22:49:51] Cột psdro trong users dã tồn tại, không thể tạo cột mới
[2025-04-30 22:49:51] Exception tại delete: You have an error in your SQL syntax; check the manual that corresponds to your MySQL server version for the right syntax to use near 'Trần Thanh Tùng'' AND `hello` IS NULL' at line 1
[2025-04-30 22:54:05] Lỗi Database.php - mysqli_query() không thành công
[2025-04-30 22:54:05] Bảng usedrs đã tồn tại, không thể tạo mới
[2025-04-30 22:54:05] Cột psdro trong users dã tồn tại, không thể tạo cột mới
[2025-04-30 22:57:10] Lỗi Database.php - mysqli_query() không thành công
[2025-04-30 22:57:10] Bảng usedrs đã tồn tại, không thể tạo mới
[2025-04-30 22:57:10] Cột psdro trong users dã tồn tại, không thể tạo cột mới
[2025-04-30 22:57:10] Exception tại update: You have an error in your SQL syntax; check the manual that corresponds to your MySQL server version for the right syntax to use near 'Trần Thanh Tùng''' at line 1
[2025-04-30 22:57:10] Exception tại delete: You have an error in your SQL syntax; check the manual that corresponds to your MySQL server version for the right syntax to use near 'Trần Thanh Tùng'' AND `hello` IS NULL' at line 1
[2025-04-30 22:59:23] Lỗi Database.php - mysqli_query() không thành công
[2025-04-30 22:59:23] Bảng usedrs đã tồn tại, không thể tạo mới
[2025-04-30 22:59:23] Cột psdro trong users dã tồn tại, không thể tạo cột mới
[2025-04-30 22:59:50] Lỗi Database.php - mysqli_query() không thành công
[2025-04-30 22:59:50] Bảng usedrs đã tồn tại, không thể tạo mới
[2025-04-30 22:59:50] Cột psdro trong users dã tồn tại, không thể tạo cột mới
[2025-04-30 23:02:12] Lỗi Database.php - mysqli_query() không thành công
[2025-04-30 23:02:12] Bảng usedrs đã tồn tại, không thể tạo mới
[2025-04-30 23:02:12] Cột psdro trong users dã tồn tại, không thể tạo cột mới
[2025-04-30 23:02:24] Lỗi Database.php - mysqli_query() không thành công
[2025-04-30 23:02:24] Bảng usedrs đã tồn tại, không thể tạo mới
[2025-04-30 23:02:24] Cột psdro trong users dã tồn tại, không thể tạo cột mới
[2025-04-30 23:02:24] Exception tại delete: Unknown column 'n2ame' in 'where clause'
[2025-04-30 23:03:12] Lỗi Database.php - mysqli_query() không thành công
[2025-04-30 23:03:12] Bảng usedrs đã tồn tại, không thể tạo mới
[2025-04-30 23:03:12] Cột psdro trong users dã tồn tại, không thể tạo cột mới
[2025-04-30 23:03:12] Exception tại delete: Unknown column 'n2ame' in 'where clause'
[2025-04-30 23:19:39] Lỗi Database.php - mysqli_query() không thành công
[2025-04-30 23:19:39] Bảng usedrs đã tồn tại, không thể tạo mới
[2025-04-30 23:19:39] Cột psdro trong users dã tồn tại, không thể tạo cột mới
[2025-04-30 23:19:39] Exception tại insert: Table '001.use2rs' doesn't exist
[2025-04-30 23:19:39] Exception tại delete: Unknown column 'n2ame' in 'where clause'
[2025-04-30 23:20:08] Lỗi Database.php - mysqli_query() không thành công
[2025-04-30 23:20:08] Bảng usedrs đã tồn tại, không thể tạo mới
[2025-04-30 23:20:08] Cột psdro trong users dã tồn tại, không thể tạo cột mới
[2025-04-30 23:20:08] Exception tại insert: Table '001.use2rs' doesn't exist
[2025-04-30 23:20:08] Exception tại select: Table '001.u2sers' doesn't exist
[2025-04-30 23:20:08] Exception tại delete: Unknown column 'n2ame' in 'where clause'
[2025-04-30 23:20:25] Lỗi Database.php - mysqli_query() không thành công
[2025-04-30 23:20:25] Bảng usedrs đã tồn tại, không thể tạo mới
[2025-04-30 23:20:25] Cột psdro trong users dã tồn tại, không thể tạo cột mới
[2025-04-30 23:20:25] Exception tại insert: Table '001.use2rs' doesn't exist
[2025-04-30 23:20:25] Exception tại update: Table '001.use3rs' doesn't exist
[2025-04-30 23:20:25] Exception tại select: Table '001.u2sers' doesn't exist
[2025-04-30 23:20:25] Exception tại delete: Unknown column 'n2ame' in 'where clause'
[2025-04-30 23:20:52] Lỗi Database.php - mysqli_query() không thành công
[2025-04-30 23:20:52] Bảng usedrs đã tồn tại, không thể tạo mới
[2025-04-30 23:20:52] Cột psdro trong users dã tồn tại, không thể tạo cột mới
[2025-04-30 23:20:52] Exception tại insert: Table '001.use2rs' doesn't exist
[2025-04-30 23:20:52] Exception tại update: Table '001.use3rs' doesn't exist
[2025-04-30 23:20:52] Exception tại select: Unknown column 'nam2e' in 'where clause'
[2025-04-30 23:20:52] Exception tại delete: Unknown column 'n2ame' in 'where clause'
[2025-04-30 23:20:57] Lỗi Database.php - mysqli_query() không thành công
[2025-04-30 23:20:57] Bảng usedrs đã tồn tại, không thể tạo mới
[2025-04-30 23:20:57] Cột psdro trong users dã tồn tại, không thể tạo cột mới
[2025-04-30 23:20:57] Exception tại insert: Table '001.use2rs' doesn't exist
[2025-04-30 23:20:57] Exception tại update: Table '001.use3rs' doesn't exist
[2025-04-30 23:20:57] Exception tại select: Unknown column 'nam2e' in 'where clause'
[2025-04-30 23:20:57] Exception tại delete: Unknown column 'n2ame' in 'where clause'
[2025-04-30 23:21:09] Lỗi Database.php - mysqli_query() không thành công
[2025-04-30 23:21:09] Bảng usedrs đã tồn tại, không thể tạo mới
[2025-04-30 23:21:09] Cột psdro trong users dã tồn tại, không thể tạo cột mới
[2025-04-30 23:21:09] Exception tại insert: Table '001.use2rs' doesn't exist
[2025-04-30 23:21:09] Exception tại update: Table '001.use3rs' doesn't exist
[2025-04-30 23:21:09] Exception tại select: You have an error in your SQL syntax; check the manual that corresponds to your MySQL server version for the right syntax to use near '-1' at line 1
[2025-04-30 23:21:09] Exception tại delete: Unknown column 'n2ame' in 'where clause'
[2025-04-30 23:22:34] Lỗi Database.php - mysqli_query() không thành công
[2025-04-30 23:22:34] Bảng usedrs đã tồn tại, không thể tạo mới
[2025-04-30 23:22:34] Cột psdro trong users dã tồn tại, không thể tạo cột mới
[2025-04-30 23:22:34] Exception tại insert: Table '001.use2rs' doesn't exist
[2025-04-30 23:22:34] Exception tại update: Table '001.use3rs' doesn't exist
[2025-04-30 23:22:34] Exception tại select: Unknown column 'nam2e' in 'where clause'
[2025-04-30 23:22:34] Exception tại delete: Unknown column 'n2ame' in 'where clause'
[2025-04-30 23:22:52] Lỗi Database.php - mysqli_query() không thành công
[2025-04-30 23:22:52] Bảng usedrs đã tồn tại, không thể tạo mới
[2025-04-30 23:22:52] Cột psdro trong users dã tồn tại, không thể tạo cột mới
[2025-04-30 23:22:52] Exception tại insert: Table '001.use2rs' doesn't exist
[2025-04-30 23:22:52] Exception tại update: Table '001.use3rs' doesn't exist
[2025-04-30 23:22:52] Exception tại select: Unknown column 'nam2e' in 'where clause'
[2025-04-30 23:22:52] Exception tại delete: Unknown column 'n2ame' in 'where clause'
[2025-04-30 23:22:53] Lỗi Database.php - mysqli_query() không thành công
[2025-04-30 23:22:53] Bảng usedrs đã tồn tại, không thể tạo mới
[2025-04-30 23:22:53] Cột psdro trong users dã tồn tại, không thể tạo cột mới
[2025-04-30 23:22:53] Exception tại insert: Table '001.use2rs' doesn't exist
[2025-04-30 23:22:53] Exception tại update: Table '001.use3rs' doesn't exist
[2025-04-30 23:22:53] Exception tại select: Unknown column 'nam2e' in 'where clause'
[2025-04-30 23:22:53] Exception tại delete: Unknown column 'n2ame' in 'where clause'
[2025-04-30 23:22:54] Lỗi Database.php - mysqli_query() không thành công
[2025-04-30 23:22:54] Bảng usedrs đã tồn tại, không thể tạo mới
[2025-04-30 23:22:54] Cột psdro trong users dã tồn tại, không thể tạo cột mới
[2025-04-30 23:22:54] Exception tại insert: Table '001.use2rs' doesn't exist
[2025-04-30 23:22:54] Exception tại update: Table '001.use3rs' doesn't exist
[2025-04-30 23:22:54] Exception tại select: Unknown column 'nam2e' in 'where clause'
[2025-04-30 23:22:54] Exception tại delete: Unknown column 'n2ame' in 'where clause'
[2025-04-30 23:23:17] Lỗi Database.php - mysqli_query() không thành công
[2025-04-30 23:23:17] Bảng usedrs đã tồn tại, không thể tạo mới
[2025-04-30 23:23:17] Cột psdro trong users dã tồn tại, không thể tạo cột mới
[2025-04-30 23:23:17] Exception tại insert: Table '001.use2rs' doesn't exist
[2025-04-30 23:23:17] Lỗi update có SQL WHERE rỗng (tránh cập nhật toàn bảng)
[2025-04-30 23:23:17] Exception tại delete: Unknown column 'n2ame' in 'where clause'
[2025-04-30 23:24:37] Lỗi Database.php - mysqli_query() không thành công
[2025-04-30 23:24:37] Bảng usedrs đã tồn tại, không thể tạo mới
[2025-04-30 23:24:37] Cột psdro trong users dã tồn tại, không thể tạo cột mới
[2025-04-30 23:24:37] Exception tại insert: Table '001.use2rs' doesn't exist
[2025-04-30 23:24:37] Lỗi update có SQL WHERE rỗng (tránh cập nhật toàn bảng)
[2025-04-30 23:24:37] Exception tại delete: Unknown column 'n2ame' in 'where clause'
[2025-04-30 23:26:25] Lỗi Database.php - mysqli_query() không thành công
[2025-04-30 23:26:25] Bảng usedrs đã tồn tại, không thể tạo mới
[2025-04-30 23:26:25] Cột psdro trong users dã tồn tại, không thể tạo cột mới
[2025-04-30 23:26:25] Exception tại [insert]: Table '001.use2rs' doesn't exist
[2025-04-30 23:26:25] Lỗi update có SQL WHERE rỗng (tránh cập nhật toàn bảng)
[2025-04-30 23:26:25] Exception tại delete: Unknown column 'n2ame' in 'where clause'
[2025-04-30 23:26:43] Lỗi Database.php - mysqli_query() không thành công
[2025-04-30 23:26:43] Bảng usedrs đã tồn tại, không thể tạo mới
[2025-04-30 23:26:43] Cột psdro trong users dã tồn tại, không thể tạo cột mới
[2025-04-30 23:26:43] Exception tại [insert]: Table '001.use2rs' doesn't exist
[2025-04-30 23:26:43] Lỗi update có SQL WHERE rỗng (tránh cập nhật toàn bảng)
[2025-04-30 23:26:43] Exception tại [delete]: Unknown column 'n2ame' in 'where clause'
[2025-04-30 23:28:25] Lỗi Database.php - mysqli_query() không thành công
[2025-04-30 23:28:25] Bảng usedrs đã tồn tại, không thể tạo mới
[2025-04-30 23:28:25] Cột psdro trong users dã tồn tại, không thể tạo cột mới
[2025-04-30 23:28:25] Exception tại [insert]: Table '001.use2rs' doesn't exist
[2025-04-30 23:28:25] Lỗi [update] có SQL WHERE rỗng (tránh cập nhật toàn bảng)
[2025-04-30 23:28:25] Exception tại [delete]: Unknown column 'n2ame' in 'where clause'
[2025-04-30 23:28:41] Lỗi Database.php - mysqli_query() không thành công
[2025-04-30 23:28:41] Bảng usedrs đã tồn tại, không thể tạo mới
[2025-04-30 23:28:41] Cột psdro trong users dã tồn tại, không thể tạo cột mới
[2025-04-30 23:28:41] Exception tại [insert]: Table '001.use2rs' doesn't exist
[2025-04-30 23:28:41] Lỗi [update] có SQL WHERE rỗng (tránh cập nhật toàn bảng)
[2025-04-30 23:28:41] Exception tại [select]: Table '001.use2rs' doesn't exist
[2025-04-30 23:28:41] Exception tại [delete]: Unknown column 'n2ame' in 'where clause'
[2025-04-30 23:29:38] Lỗi Database.php - mysqli_query() không thành công
[2025-04-30 23:29:38] Bảng usedrs đã tồn tại, không thể tạo mới
[2025-04-30 23:29:38] Cột psdro trong users dã tồn tại, không thể tạo cột mới
[2025-04-30 23:29:38] Exception tại [insert]: Table '001.use2rs' doesn't exist
[2025-04-30 23:29:38] Lỗi [update] có SQL WHERE rỗng (tránh cập nhật toàn bảng)
[2025-04-30 23:29:38] Exception tại [select]: Table '001.use2rs' doesn't exist
[2025-04-30 23:29:38] Lỗi [delete] có SQL WHERE rỗng (tránh xoá toàn bảng)
[2025-04-30 23:29:48] Lỗi Database.php - mysqli_query() không thành công
[2025-04-30 23:29:48] Bảng usedrs đã tồn tại, không thể tạo mới
[2025-04-30 23:29:48] Cột psdro trong users dã tồn tại, không thể tạo cột mới
[2025-04-30 23:29:48] Exception tại [insert]: Table '001.use2rs' doesn't exist
[2025-04-30 23:29:48] Lỗi [update] có SQL WHERE rỗng (tránh cập nhật toàn bảng)
[2025-04-30 23:29:48] Exception tại [select]: Table '001.use2rs' doesn't exist
[2025-04-30 23:29:48] Lỗi [delete] có SQL WHERE rỗng (tránh xoá toàn bảng)
[2025-04-30 23:29:49] Lỗi Database.php - mysqli_query() không thành công
[2025-04-30 23:29:49] Bảng usedrs đã tồn tại, không thể tạo mới
[2025-04-30 23:29:49] Cột psdro trong users dã tồn tại, không thể tạo cột mới
[2025-04-30 23:29:49] Exception tại [insert]: Table '001.use2rs' doesn't exist
[2025-04-30 23:29:49] Lỗi [update] có SQL WHERE rỗng (tránh cập nhật toàn bảng)
[2025-04-30 23:29:49] Exception tại [select]: Table '001.use2rs' doesn't exist
[2025-04-30 23:29:49] Lỗi [delete] có SQL WHERE rỗng (tránh xoá toàn bảng)
[2025-04-30 23:29:55] Lỗi Database.php - mysqli_query() không thành công
[2025-04-30 23:29:55] Bảng usedrs đã tồn tại, không thể tạo mới
[2025-04-30 23:29:55] Cột psdro trong users dã tồn tại, không thể tạo cột mới
[2025-04-30 23:29:55] Lỗi [update] có SQL WHERE rỗng (tránh cập nhật toàn bảng)
[2025-04-30 23:29:55] Exception tại [select]: Table '001.use2rs' doesn't exist
[2025-04-30 23:29:55] Lỗi [delete] có SQL WHERE rỗng (tránh xoá toàn bảng)
[2025-04-30 23:30:24] Lỗi Database.php - mysqli_query() không thành công
[2025-04-30 23:30:24] Bảng usedrs đã tồn tại, không thể tạo mới
[2025-04-30 23:30:24] Cột psdro trong users dã tồn tại, không thể tạo cột mới
[2025-04-30 23:30:24] Lỗi [update] có SQL WHERE rỗng (tránh cập nhật toàn bảng)
[2025-04-30 23:30:24] Exception tại [select]: Table '001.use2rs' doesn't exist
[2025-04-30 23:30:24] Lỗi [delete] có SQL WHERE rỗng (tránh xoá toàn bảng)
[2025-04-30 23:30:25] Lỗi Database.php - mysqli_query() không thành công
[2025-04-30 23:30:25] Bảng usedrs đã tồn tại, không thể tạo mới
[2025-04-30 23:30:25] Cột psdro trong users dã tồn tại, không thể tạo cột mới
[2025-04-30 23:30:25] Lỗi [update] có SQL WHERE rỗng (tránh cập nhật toàn bảng)
[2025-04-30 23:30:25] Exception tại [select]: Table '001.use2rs' doesn't exist
[2025-04-30 23:30:25] Lỗi [delete] có SQL WHERE rỗng (tránh xoá toàn bảng)
[2025-04-30 23:30:32] Lỗi Database.php - mysqli_query() không thành công
[2025-04-30 23:30:32] Bảng usedrs đã tồn tại, không thể tạo mới
[2025-04-30 23:30:33] Cột psdro trong users dã tồn tại, không thể tạo cột mới
[2025-04-30 23:30:33] Lỗi [update] có SQL WHERE rỗng (tránh cập nhật toàn bảng)
[2025-04-30 23:30:33] Exception tại [select]: Table '001.use2rs' doesn't exist
[2025-04-30 23:30:33] Lỗi [delete] có SQL WHERE rỗng (tránh xoá toàn bảng)
[2025-04-30 23:30:34] Lỗi Database.php - mysqli_query() không thành công
[2025-04-30 23:30:34] Bảng usedrs đã tồn tại, không thể tạo mới
[2025-04-30 23:30:34] Cột psdro trong users dã tồn tại, không thể tạo cột mới
[2025-04-30 23:30:34] Lỗi [update] có SQL WHERE rỗng (tránh cập nhật toàn bảng)
[2025-04-30 23:30:34] Exception tại [select]: Table '001.use2rs' doesn't exist
[2025-04-30 23:30:34] Lỗi [delete] có SQL WHERE rỗng (tránh xoá toàn bảng)
[2025-04-30 23:41:13] Lỗi Database.php - mysqli_query() không thành công
[2025-04-30 23:41:13] Lỗi Database.php - mysqli_query() không thành công
[2025-04-30 23:41:13] Bảng usedrs đã tồn tại, không thể tạo mới
[2025-04-30 23:41:13] Cột users trong psdro dã tồn tại, không thể tạo cột mới
[2025-04-30 23:41:13] Lỗi Database.php - mysqli_query() không thành công
[2025-04-30 23:41:13] Lỗi [insert] update vào column không tồn tại
[2025-04-30 23:41:13] Lỗi [update] có SQL WHERE rỗng (tránh cập nhật toàn bảng)
[2025-04-30 23:41:13] Exception tại [select]: Table '001.use2rs' doesn't exist
[2025-04-30 23:41:13] Lỗi [delete] có SQL WHERE rỗng (tránh xoá toàn bảng)
[2025-04-30 23:41:26] Lỗi Database.php - mysqli_query() không thành công
[2025-04-30 23:41:26] Lỗi Database.php - mysqli_query() không thành công
[2025-04-30 23:41:26] Bảng usedrs đã tồn tại, không thể tạo mới
[2025-04-30 23:41:26] Cột users trong psdro dã tồn tại, không thể tạo cột mới
[2025-04-30 23:41:26] Lỗi Database.php - mysqli_query() không thành công
[2025-04-30 23:41:26] Lỗi [insert] insert vào column không tồn tại
[2025-04-30 23:41:26] Lỗi [update] có SQL WHERE rỗng (tránh cập nhật toàn bảng)
[2025-04-30 23:41:26] Exception tại [select]: Table '001.use2rs' doesn't exist
[2025-04-30 23:41:26] Lỗi [delete] có SQL WHERE rỗng (tránh xoá toàn bảng)
[2025-04-30 23:41:27] Lỗi Database.php - mysqli_query() không thành công
[2025-04-30 23:41:27] Lỗi Database.php - mysqli_query() không thành công
[2025-04-30 23:41:27] Bảng usedrs đã tồn tại, không thể tạo mới
[2025-04-30 23:41:27] Cột users trong psdro dã tồn tại, không thể tạo cột mới
[2025-04-30 23:41:27] Lỗi Database.php - mysqli_query() không thành công
[2025-04-30 23:41:27] Lỗi [insert] insert vào column không tồn tại
[2025-04-30 23:41:27] Lỗi [update] có SQL WHERE rỗng (tránh cập nhật toàn bảng)
[2025-04-30 23:41:27] Exception tại [select]: Table '001.use2rs' doesn't exist
[2025-04-30 23:41:27] Lỗi [delete] có SQL WHERE rỗng (tránh xoá toàn bảng)
[2025-04-30 23:41:27] Lỗi Database.php - mysqli_query() không thành công
[2025-04-30 23:41:27] Lỗi Database.php - mysqli_query() không thành công
[2025-04-30 23:41:27] Bảng usedrs đã tồn tại, không thể tạo mới
[2025-04-30 23:41:27] Cột users trong psdro dã tồn tại, không thể tạo cột mới
[2025-04-30 23:41:27] Lỗi Database.php - mysqli_query() không thành công
[2025-04-30 23:41:27] Lỗi [insert] insert vào column không tồn tại
[2025-04-30 23:41:27] Lỗi [update] có SQL WHERE rỗng (tránh cập nhật toàn bảng)
[2025-04-30 23:41:27] Exception tại [select]: Table '001.use2rs' doesn't exist
[2025-04-30 23:41:27] Lỗi [delete] có SQL WHERE rỗng (tránh xoá toàn bảng)
[2025-04-30 23:41:27] Lỗi Database.php - mysqli_query() không thành công
[2025-04-30 23:41:27] Lỗi Database.php - mysqli_query() không thành công
[2025-04-30 23:41:27] Bảng usedrs đã tồn tại, không thể tạo mới
[2025-04-30 23:41:27] Cột users trong psdro dã tồn tại, không thể tạo cột mới
[2025-04-30 23:41:27] Lỗi Database.php - mysqli_query() không thành công
[2025-04-30 23:41:27] Lỗi [insert] insert vào column không tồn tại
[2025-04-30 23:41:27] Lỗi [update] có SQL WHERE rỗng (tránh cập nhật toàn bảng)
[2025-04-30 23:41:27] Exception tại [select]: Table '001.use2rs' doesn't exist
[2025-04-30 23:41:27] Lỗi [delete] có SQL WHERE rỗng (tránh xoá toàn bảng)
[2025-04-30 23:41:27] Lỗi Database.php - mysqli_query() không thành công
[2025-04-30 23:41:27] Lỗi Database.php - mysqli_query() không thành công
[2025-04-30 23:41:27] Bảng usedrs đã tồn tại, không thể tạo mới
[2025-04-30 23:41:27] Cột users trong psdro dã tồn tại, không thể tạo cột mới
[2025-04-30 23:41:27] Lỗi Database.php - mysqli_query() không thành công
[2025-04-30 23:41:27] Lỗi [insert] insert vào column không tồn tại
[2025-04-30 23:41:27] Lỗi [update] có SQL WHERE rỗng (tránh cập nhật toàn bảng)
[2025-04-30 23:41:27] Exception tại [select]: Table '001.use2rs' doesn't exist
[2025-04-30 23:41:27] Lỗi [delete] có SQL WHERE rỗng (tránh xoá toàn bảng)
[2025-04-30 23:41:27] Lỗi Database.php - mysqli_query() không thành công
[2025-04-30 23:41:27] Lỗi Database.php - mysqli_query() không thành công
[2025-04-30 23:41:27] Bảng usedrs đã tồn tại, không thể tạo mới
[2025-04-30 23:41:27] Cột users trong psdro dã tồn tại, không thể tạo cột mới
[2025-04-30 23:41:27] Lỗi Database.php - mysqli_query() không thành công
[2025-04-30 23:41:27] Lỗi [insert] insert vào column không tồn tại
[2025-04-30 23:41:27] Lỗi [update] có SQL WHERE rỗng (tránh cập nhật toàn bảng)
[2025-04-30 23:41:27] Exception tại [select]: Table '001.use2rs' doesn't exist
[2025-04-30 23:41:27] Lỗi [delete] có SQL WHERE rỗng (tránh xoá toàn bảng)
[2025-04-30 23:41:28] Lỗi Database.php - mysqli_query() không thành công
[2025-04-30 23:41:28] Lỗi Database.php - mysqli_query() không thành công
[2025-04-30 23:41:28] Bảng usedrs đã tồn tại, không thể tạo mới
[2025-04-30 23:41:28] Cột users trong psdro dã tồn tại, không thể tạo cột mới
[2025-04-30 23:41:28] Lỗi Database.php - mysqli_query() không thành công
[2025-04-30 23:41:28] Lỗi [insert] insert vào column không tồn tại
[2025-04-30 23:41:28] Lỗi [update] có SQL WHERE rỗng (tránh cập nhật toàn bảng)
[2025-04-30 23:41:28] Exception tại [select]: Table '001.use2rs' doesn't exist
[2025-04-30 23:41:28] Lỗi [delete] có SQL WHERE rỗng (tránh xoá toàn bảng)
[2025-04-30 23:57:33] Lỗi Database.php - mysqli_query() không thành công
[2025-04-30 23:57:33] Lỗi Database.php - mysqli_query() không thành công
[2025-04-30 23:57:33] Bảng usedrs đã tồn tại, không thể tạo mới
[2025-04-30 23:57:33] Cột users trong psdro dã tồn tại, không thể tạo cột mới
[2025-04-30 23:57:33] Lỗi Database.php - mysqli_query() không thành công
[2025-04-30 23:57:33] Lỗi [insert] insert vào column không tồn tại
[2025-04-30 23:57:33] Lỗi [update] có SQL WHERE rỗng (tránh cập nhật toàn bảng)
[2025-04-30 23:57:33] Exception tại [select]: Table '001.use2rs' doesn't exist
[2025-04-30 23:57:33] Lỗi [delete] có SQL WHERE rỗng (tránh xoá toàn bảng)
[2025-04-30 23:57:34] Lỗi Database.php - mysqli_query() không thành công
[2025-04-30 23:57:34] Lỗi Database.php - mysqli_query() không thành công
[2025-04-30 23:57:34] Bảng usedrs đã tồn tại, không thể tạo mới
[2025-04-30 23:57:34] Cột users trong psdro dã tồn tại, không thể tạo cột mới
[2025-04-30 23:57:34] Lỗi Database.php - mysqli_query() không thành công
[2025-04-30 23:57:34] Lỗi [insert] insert vào column không tồn tại
[2025-04-30 23:57:34] Lỗi [update] có SQL WHERE rỗng (tránh cập nhật toàn bảng)
[2025-04-30 23:57:34] Exception tại [select]: Table '001.use2rs' doesn't exist
[2025-04-30 23:57:34] Lỗi [delete] có SQL WHERE rỗng (tránh xoá toàn bảng)
[2025-04-30 23:57:34] Lỗi Database.php - mysqli_query() không thành công
[2025-04-30 23:57:34] Lỗi Database.php - mysqli_query() không thành công
[2025-04-30 23:57:34] Bảng usedrs đã tồn tại, không thể tạo mới
[2025-04-30 23:57:34] Cột users trong psdro dã tồn tại, không thể tạo cột mới
[2025-04-30 23:57:34] Lỗi Database.php - mysqli_query() không thành công
[2025-04-30 23:57:34] Lỗi [insert] insert vào column không tồn tại
[2025-04-30 23:57:34] Lỗi [update] có SQL WHERE rỗng (tránh cập nhật toàn bảng)
[2025-04-30 23:57:34] Exception tại [select]: Table '001.use2rs' doesn't exist
[2025-04-30 23:57:34] Lỗi [delete] có SQL WHERE rỗng (tránh xoá toàn bảng)
[2025-05-01 12:20:48] Exception tại [query()]: You have an error in your SQL syntax; check the manual that corresponds to your MySQL server version for the right syntax to use near 'table' at line 1
[2025-05-01 12:21:08] Exception tại [query()]: You have an error in your SQL syntax; check the manual that corresponds to your MySQL server version for the right syntax to use near 'table' at line 1
[2025-05-01 12:21:27] Exception tại [query()]: Table '001.usersd' doesn't exist
[2025-05-01 12:22:10] Exception tại [query()]: You have an error in your SQL syntax; check the manual that corresponds to your MySQL server version for the right syntax to use near 'WHERE 120' at line 1
